
*** Running vivado
    with args -log mips_32.vds -m64 -product Vivado -mode batch -messageDb vivado.pb -notrace -source mips_32.tcl



****** Vivado v2024.2 (64-bit)
  **** SW Build 5239630 on Fri Nov 08 22:35:27 MST 2024
  **** IP Build 5239520 on Sun Nov 10 16:12:51 MST 2024
  **** SharedData Build 5239561 on Fri Nov 08 14:39:27 MST 2024
  **** Start of session at: Mon Mar 17 17:09:16 2025
    ** Copyright 1986-2022 Xilinx, Inc. All Rights Reserved.
    ** Copyright 2022-2024 Advanced Micro Devices, Inc. All Rights Reserved.

source mips_32.tcl -notrace
Command: read_checkpoint -auto_incremental -incremental C:/Users/Owner/Desktop/Lab4/Lab4.srcs/utils_1/imports/synth_1/mips_32.dcp
INFO: [Vivado 12-5825] Read reference checkpoint from C:/Users/Owner/Desktop/Lab4/Lab4.srcs/utils_1/imports/synth_1/mips_32.dcp for incremental synthesis
INFO: [Vivado 12-7989] Please ensure there are no constraint changes
Command: synth_design -top mips_32 -part xc7a35tcpg236-1
Starting synth_design
Attempting to get a license for feature 'Synthesis' and/or device 'xc7a35t'
INFO: [Common 17-349] Got license for feature 'Synthesis' and/or device 'xc7a35t'
INFO: [Device 21-403] Loading part xc7a35tcpg236-1
INFO: [Designutils 20-5440] No compile time benefit to using incremental synthesis; A full resynthesis will be run
INFO: [Designutils 20-4379] Flow is switching to default flow due to incremental criteria not met. If you would like to alter this behaviour and have the flow terminate instead, please set the following parameter config_implementation {autoIncr.Synth.RejectBehavior Terminate}
INFO: [Synth 8-7079] Multithreading enabled for synth_design using a maximum of 2 processes.
INFO: [Synth 8-7078] Launching helper process for spawning children vivado processes
INFO: [Synth 8-7075] Helper process launched with PID 6408
---------------------------------------------------------------------------------
Starting RTL Elaboration : Time (s): cpu = 00:00:04 ; elapsed = 00:00:04 . Memory (MB): peak = 1028.371 ; gain = 468.211
---------------------------------------------------------------------------------
INFO: [Synth 8-11241] undeclared symbol 'cdh_xor_ch', assumed default net type 'wire' [C:/Users/Owner/Desktop/Lab4_file_uploaded 3/ID_pipe_stage.v:62]
INFO: [Synth 8-6157] synthesizing module 'mips_32' [C:/Users/Owner/Desktop/Lab4_file_uploaded 3/mips_32.v:4]
INFO: [Synth 8-6157] synthesizing module 'IF_pipe_stage' [C:/Users/Owner/Desktop/Lab4_file_uploaded 3/IF_pipe_stage.v:4]
INFO: [Synth 8-6157] synthesizing module 'instruction_mem' [C:/Users/Owner/Desktop/Lab4_file_uploaded 3/instruction_mem.v:23]
INFO: [Synth 8-6155] done synthesizing module 'instruction_mem' (0#1) [C:/Users/Owner/Desktop/Lab4_file_uploaded 3/instruction_mem.v:23]
INFO: [Synth 8-6155] done synthesizing module 'IF_pipe_stage' (0#1) [C:/Users/Owner/Desktop/Lab4_file_uploaded 3/IF_pipe_stage.v:4]
INFO: [Synth 8-6157] synthesizing module 'pipe_reg_en' [C:/Users/Owner/Desktop/Lab4_file_uploaded 3/pipe_reg_en.v:3]
	Parameter WIDTH bound to: 10 - type: integer 
INFO: [Synth 8-6155] done synthesizing module 'pipe_reg_en' (0#1) [C:/Users/Owner/Desktop/Lab4_file_uploaded 3/pipe_reg_en.v:3]
INFO: [Synth 8-6157] synthesizing module 'pipe_reg_en__parameterized0' [C:/Users/Owner/Desktop/Lab4_file_uploaded 3/pipe_reg_en.v:3]
	Parameter WIDTH bound to: 32 - type: integer 
INFO: [Synth 8-6155] done synthesizing module 'pipe_reg_en__parameterized0' (0#1) [C:/Users/Owner/Desktop/Lab4_file_uploaded 3/pipe_reg_en.v:3]
INFO: [Synth 8-6157] synthesizing module 'ID_pipe_stage' [C:/Users/Owner/Desktop/Lab4_file_uploaded 3/ID_pipe_stage.v:4]
INFO: [Synth 8-6157] synthesizing module 'control' [C:/Users/Owner/Desktop/Lab4_file_uploaded 3/control.v:4]
INFO: [Synth 8-155] case statement is not full and has no default [C:/Users/Owner/Desktop/Lab4_file_uploaded 3/control.v:27]
INFO: [Synth 8-6155] done synthesizing module 'control' (0#1) [C:/Users/Owner/Desktop/Lab4_file_uploaded 3/control.v:4]
INFO: [Synth 8-6157] synthesizing module 'mux2' [C:/Users/Owner/Desktop/Lab4_file_uploaded 3/mux.v:3]
	Parameter mux_width bound to: 1 - type: integer 
INFO: [Synth 8-6155] done synthesizing module 'mux2' (0#1) [C:/Users/Owner/Desktop/Lab4_file_uploaded 3/mux.v:3]
INFO: [Synth 8-6157] synthesizing module 'mux2__parameterized0' [C:/Users/Owner/Desktop/Lab4_file_uploaded 3/mux.v:3]
	Parameter mux_width bound to: 2 - type: integer 
INFO: [Synth 8-6155] done synthesizing module 'mux2__parameterized0' (0#1) [C:/Users/Owner/Desktop/Lab4_file_uploaded 3/mux.v:3]
INFO: [Synth 8-6157] synthesizing module 'mux2__parameterized1' [C:/Users/Owner/Desktop/Lab4_file_uploaded 3/mux.v:3]
	Parameter mux_width bound to: 5 - type: integer 
INFO: [Synth 8-6155] done synthesizing module 'mux2__parameterized1' (0#1) [C:/Users/Owner/Desktop/Lab4_file_uploaded 3/mux.v:3]
INFO: [Synth 8-6157] synthesizing module 'sign_extend' [C:/Users/Owner/Desktop/Lab4_file_uploaded 3/sign_extend.v:4]
INFO: [Synth 8-6155] done synthesizing module 'sign_extend' (0#1) [C:/Users/Owner/Desktop/Lab4_file_uploaded 3/sign_extend.v:4]
INFO: [Synth 8-6157] synthesizing module 'register_file' [C:/Users/Owner/Desktop/Lab4_file_uploaded 3/register_file.v:4]
INFO: [Synth 8-6155] done synthesizing module 'register_file' (0#1) [C:/Users/Owner/Desktop/Lab4_file_uploaded 3/register_file.v:4]
INFO: [Synth 8-6155] done synthesizing module 'ID_pipe_stage' (0#1) [C:/Users/Owner/Desktop/Lab4_file_uploaded 3/ID_pipe_stage.v:4]
INFO: [Synth 8-6157] synthesizing module 'pipe_reg' [C:/Users/Owner/Desktop/Lab4_file_uploaded 3/pipe_reg.v:4]
	Parameter WIDTH bound to: 32 - type: integer 
INFO: [Synth 8-6155] done synthesizing module 'pipe_reg' (0#1) [C:/Users/Owner/Desktop/Lab4_file_uploaded 3/pipe_reg.v:4]
INFO: [Synth 8-6157] synthesizing module 'pipe_reg__parameterized0' [C:/Users/Owner/Desktop/Lab4_file_uploaded 3/pipe_reg.v:4]
	Parameter WIDTH bound to: 5 - type: integer 
INFO: [Synth 8-6155] done synthesizing module 'pipe_reg__parameterized0' (0#1) [C:/Users/Owner/Desktop/Lab4_file_uploaded 3/pipe_reg.v:4]
INFO: [Synth 8-6157] synthesizing module 'pipe_reg__parameterized1' [C:/Users/Owner/Desktop/Lab4_file_uploaded 3/pipe_reg.v:4]
	Parameter WIDTH bound to: 2 - type: integer 
INFO: [Synth 8-6155] done synthesizing module 'pipe_reg__parameterized1' (0#1) [C:/Users/Owner/Desktop/Lab4_file_uploaded 3/pipe_reg.v:4]
INFO: [Synth 8-6157] synthesizing module 'pipe_reg__parameterized2' [C:/Users/Owner/Desktop/Lab4_file_uploaded 3/pipe_reg.v:4]
	Parameter WIDTH bound to: 1 - type: integer 
INFO: [Synth 8-6155] done synthesizing module 'pipe_reg__parameterized2' (0#1) [C:/Users/Owner/Desktop/Lab4_file_uploaded 3/pipe_reg.v:4]
INFO: [Synth 8-6157] synthesizing module 'Hazard_detection' [C:/Users/Owner/Desktop/Lab4_file_uploaded 3/Hazard_detection.v:4]
INFO: [Synth 8-6155] done synthesizing module 'Hazard_detection' (0#1) [C:/Users/Owner/Desktop/Lab4_file_uploaded 3/Hazard_detection.v:4]
INFO: [Synth 8-6157] synthesizing module 'EX_pipe_stage' [C:/Users/Owner/Desktop/Lab4_file_uploaded 3/EX_pipe_stage.v:3]
INFO: [Synth 8-6157] synthesizing module 'mux4' [C:/Users/Owner/Desktop/Lab4_file_uploaded 3/mux4.v:4]
	Parameter mux_width bound to: 32 - type: integer 
INFO: [Synth 8-6155] done synthesizing module 'mux4' (0#1) [C:/Users/Owner/Desktop/Lab4_file_uploaded 3/mux4.v:4]
INFO: [Synth 8-6157] synthesizing module 'mux2__parameterized2' [C:/Users/Owner/Desktop/Lab4_file_uploaded 3/mux.v:3]
	Parameter mux_width bound to: 32 - type: integer 
INFO: [Synth 8-6155] done synthesizing module 'mux2__parameterized2' (0#1) [C:/Users/Owner/Desktop/Lab4_file_uploaded 3/mux.v:3]
INFO: [Synth 8-6157] synthesizing module 'ALUControl' [C:/Users/Owner/Desktop/Lab4_file_uploaded 3/ALUControl.v:5]
INFO: [Synth 8-6155] done synthesizing module 'ALUControl' (0#1) [C:/Users/Owner/Desktop/Lab4_file_uploaded 3/ALUControl.v:5]
INFO: [Synth 8-6157] synthesizing module 'ALU' [C:/Users/Owner/Desktop/Lab4_file_uploaded 3/ALU.v:4]
INFO: [Synth 8-6155] done synthesizing module 'ALU' (0#1) [C:/Users/Owner/Desktop/Lab4_file_uploaded 3/ALU.v:4]
INFO: [Synth 8-6155] done synthesizing module 'EX_pipe_stage' (0#1) [C:/Users/Owner/Desktop/Lab4_file_uploaded 3/EX_pipe_stage.v:3]
INFO: [Synth 8-6157] synthesizing module 'EX_Forwarding_unit' [C:/Users/Owner/Desktop/Lab4_file_uploaded 3/EX_Forwarding_unit.v:4]
INFO: [Synth 8-6155] done synthesizing module 'EX_Forwarding_unit' (0#1) [C:/Users/Owner/Desktop/Lab4_file_uploaded 3/EX_Forwarding_unit.v:4]
INFO: [Synth 8-6157] synthesizing module 'data_memory' [C:/Users/Owner/Desktop/Lab4_file_uploaded 3/data_memory.v:4]
INFO: [Synth 8-6155] done synthesizing module 'data_memory' (0#1) [C:/Users/Owner/Desktop/Lab4_file_uploaded 3/data_memory.v:4]
INFO: [Synth 8-6155] done synthesizing module 'mips_32' (0#1) [C:/Users/Owner/Desktop/Lab4_file_uploaded 3/mips_32.v:4]
WARNING: [Synth 8-7129] Port mem_access_addr[31] in module data_memory is either unconnected or has no load
WARNING: [Synth 8-7129] Port mem_access_addr[30] in module data_memory is either unconnected or has no load
WARNING: [Synth 8-7129] Port mem_access_addr[29] in module data_memory is either unconnected or has no load
WARNING: [Synth 8-7129] Port mem_access_addr[28] in module data_memory is either unconnected or has no load
WARNING: [Synth 8-7129] Port mem_access_addr[27] in module data_memory is either unconnected or has no load
WARNING: [Synth 8-7129] Port mem_access_addr[26] in module data_memory is either unconnected or has no load
WARNING: [Synth 8-7129] Port mem_access_addr[25] in module data_memory is either unconnected or has no load
WARNING: [Synth 8-7129] Port mem_access_addr[24] in module data_memory is either unconnected or has no load
WARNING: [Synth 8-7129] Port mem_access_addr[23] in module data_memory is either unconnected or has no load
WARNING: [Synth 8-7129] Port mem_access_addr[22] in module data_memory is either unconnected or has no load
WARNING: [Synth 8-7129] Port mem_access_addr[21] in module data_memory is either unconnected or has no load
WARNING: [Synth 8-7129] Port mem_access_addr[20] in module data_memory is either unconnected or has no load
WARNING: [Synth 8-7129] Port mem_access_addr[19] in module data_memory is either unconnected or has no load
WARNING: [Synth 8-7129] Port mem_access_addr[18] in module data_memory is either unconnected or has no load
WARNING: [Synth 8-7129] Port mem_access_addr[17] in module data_memory is either unconnected or has no load
WARNING: [Synth 8-7129] Port mem_access_addr[16] in module data_memory is either unconnected or has no load
WARNING: [Synth 8-7129] Port mem_access_addr[15] in module data_memory is either unconnected or has no load
WARNING: [Synth 8-7129] Port mem_access_addr[14] in module data_memory is either unconnected or has no load
WARNING: [Synth 8-7129] Port mem_access_addr[13] in module data_memory is either unconnected or has no load
WARNING: [Synth 8-7129] Port mem_access_addr[12] in module data_memory is either unconnected or has no load
WARNING: [Synth 8-7129] Port mem_access_addr[11] in module data_memory is either unconnected or has no load
WARNING: [Synth 8-7129] Port mem_access_addr[10] in module data_memory is either unconnected or has no load
WARNING: [Synth 8-7129] Port mem_access_addr[1] in module data_memory is either unconnected or has no load
WARNING: [Synth 8-7129] Port mem_access_addr[0] in module data_memory is either unconnected or has no load
WARNING: [Synth 8-7129] Port id_ex_instr[31] in module EX_pipe_stage is either unconnected or has no load
WARNING: [Synth 8-7129] Port id_ex_instr[30] in module EX_pipe_stage is either unconnected or has no load
WARNING: [Synth 8-7129] Port id_ex_instr[29] in module EX_pipe_stage is either unconnected or has no load
WARNING: [Synth 8-7129] Port id_ex_instr[28] in module EX_pipe_stage is either unconnected or has no load
WARNING: [Synth 8-7129] Port id_ex_instr[27] in module EX_pipe_stage is either unconnected or has no load
WARNING: [Synth 8-7129] Port id_ex_instr[26] in module EX_pipe_stage is either unconnected or has no load
WARNING: [Synth 8-7129] Port id_ex_instr[25] in module EX_pipe_stage is either unconnected or has no load
WARNING: [Synth 8-7129] Port id_ex_instr[24] in module EX_pipe_stage is either unconnected or has no load
WARNING: [Synth 8-7129] Port id_ex_instr[23] in module EX_pipe_stage is either unconnected or has no load
WARNING: [Synth 8-7129] Port id_ex_instr[22] in module EX_pipe_stage is either unconnected or has no load
WARNING: [Synth 8-7129] Port id_ex_instr[21] in module EX_pipe_stage is either unconnected or has no load
WARNING: [Synth 8-7129] Port id_ex_instr[20] in module EX_pipe_stage is either unconnected or has no load
WARNING: [Synth 8-7129] Port id_ex_instr[19] in module EX_pipe_stage is either unconnected or has no load
WARNING: [Synth 8-7129] Port id_ex_instr[18] in module EX_pipe_stage is either unconnected or has no load
WARNING: [Synth 8-7129] Port id_ex_instr[17] in module EX_pipe_stage is either unconnected or has no load
WARNING: [Synth 8-7129] Port id_ex_instr[16] in module EX_pipe_stage is either unconnected or has no load
WARNING: [Synth 8-7129] Port id_ex_instr[15] in module EX_pipe_stage is either unconnected or has no load
WARNING: [Synth 8-7129] Port id_ex_instr[14] in module EX_pipe_stage is either unconnected or has no load
WARNING: [Synth 8-7129] Port id_ex_instr[13] in module EX_pipe_stage is either unconnected or has no load
WARNING: [Synth 8-7129] Port id_ex_instr[12] in module EX_pipe_stage is either unconnected or has no load
WARNING: [Synth 8-7129] Port id_ex_instr[11] in module EX_pipe_stage is either unconnected or has no load
WARNING: [Synth 8-7129] Port id_ex_instr[10] in module EX_pipe_stage is either unconnected or has no load
WARNING: [Synth 8-7129] Port id_ex_instr[9] in module EX_pipe_stage is either unconnected or has no load
WARNING: [Synth 8-7129] Port id_ex_instr[8] in module EX_pipe_stage is either unconnected or has no load
WARNING: [Synth 8-7129] Port id_ex_instr[7] in module EX_pipe_stage is either unconnected or has no load
WARNING: [Synth 8-7129] Port id_ex_instr[6] in module EX_pipe_stage is either unconnected or has no load
WARNING: [Synth 8-7129] Port read_addr[1] in module instruction_mem is either unconnected or has no load
WARNING: [Synth 8-7129] Port read_addr[0] in module instruction_mem is either unconnected or has no load
---------------------------------------------------------------------------------
Finished RTL Elaboration : Time (s): cpu = 00:00:05 ; elapsed = 00:00:06 . Memory (MB): peak = 1139.359 ; gain = 579.199
---------------------------------------------------------------------------------
---------------------------------------------------------------------------------
Start Handling Custom Attributes
---------------------------------------------------------------------------------
---------------------------------------------------------------------------------
Finished Handling Custom Attributes : Time (s): cpu = 00:00:05 ; elapsed = 00:00:06 . Memory (MB): peak = 1139.359 ; gain = 579.199
---------------------------------------------------------------------------------
---------------------------------------------------------------------------------
Finished RTL Optimization Phase 1 : Time (s): cpu = 00:00:05 ; elapsed = 00:00:06 . Memory (MB): peak = 1139.359 ; gain = 579.199
---------------------------------------------------------------------------------
Netlist sorting complete. Time (s): cpu = 00:00:00 ; elapsed = 00:00:00.029 . Memory (MB): peak = 1139.359 ; gain = 0.000
INFO: [Project 1-570] Preparing netlist for logic optimization

Processing XDC Constraints
Initializing timing engine
Parsing XDC File [C:/Users/Owner/Desktop/Lab4/Lab4.srcs/constrs_1/new/constraints.xdc]
Finished Parsing XDC File [C:/Users/Owner/Desktop/Lab4/Lab4.srcs/constrs_1/new/constraints.xdc]
Completed Processing XDC Constraints

Netlist sorting complete. Time (s): cpu = 00:00:00 ; elapsed = 00:00:00.001 . Memory (MB): peak = 1211.258 ; gain = 0.000
INFO: [Project 1-111] Unisim Transformation Summary:
No Unisim elements were transformed.

Constraint Validation Runtime : Time (s): cpu = 00:00:00 ; elapsed = 00:00:00.015 . Memory (MB): peak = 1211.258 ; gain = 0.000
INFO: [Designutils 20-5440] No compile time benefit to using incremental synthesis; A full resynthesis will be run
INFO: [Designutils 20-4379] Flow is switching to default flow due to incremental criteria not met. If you would like to alter this behaviour and have the flow terminate instead, please set the following parameter config_implementation {autoIncr.Synth.RejectBehavior Terminate}
---------------------------------------------------------------------------------
Finished Constraint Validation : Time (s): cpu = 00:00:11 ; elapsed = 00:00:12 . Memory (MB): peak = 1211.258 ; gain = 651.098
---------------------------------------------------------------------------------
---------------------------------------------------------------------------------
Start Loading Part and Timing Information
---------------------------------------------------------------------------------
Loading part: xc7a35tcpg236-1
---------------------------------------------------------------------------------
Finished Loading Part and Timing Information : Time (s): cpu = 00:00:11 ; elapsed = 00:00:12 . Memory (MB): peak = 1211.258 ; gain = 651.098
---------------------------------------------------------------------------------
---------------------------------------------------------------------------------
Start Applying 'set_property' XDC Constraints
---------------------------------------------------------------------------------
---------------------------------------------------------------------------------
Finished applying 'set_property' XDC Constraints : Time (s): cpu = 00:00:11 ; elapsed = 00:00:12 . Memory (MB): peak = 1211.258 ; gain = 651.098
---------------------------------------------------------------------------------
WARNING: [Synth 8-327] inferring latch for variable 'reg_dst_reg' [C:/Users/Owner/Desktop/Lab4_file_uploaded 3/control.v:16]
WARNING: [Synth 8-327] inferring latch for variable 'mem_to_reg_reg' [C:/Users/Owner/Desktop/Lab4_file_uploaded 3/control.v:17]
WARNING: [Synth 8-327] inferring latch for variable 'alu_op_reg' [C:/Users/Owner/Desktop/Lab4_file_uploaded 3/control.v:18]
WARNING: [Synth 8-327] inferring latch for variable 'mem_write_reg' [C:/Users/Owner/Desktop/Lab4_file_uploaded 3/control.v:20]
WARNING: [Synth 8-327] inferring latch for variable 'alu_src_reg' [C:/Users/Owner/Desktop/Lab4_file_uploaded 3/control.v:21]
WARNING: [Synth 8-327] inferring latch for variable 'reg_write_reg' [C:/Users/Owner/Desktop/Lab4_file_uploaded 3/control.v:22]
WARNING: [Synth 8-327] inferring latch for variable 'branch_reg' [C:/Users/Owner/Desktop/Lab4_file_uploaded 3/control.v:23]
WARNING: [Synth 8-327] inferring latch for variable 'jump_reg' [C:/Users/Owner/Desktop/Lab4_file_uploaded 3/control.v:24]
---------------------------------------------------------------------------------
Finished RTL Optimization Phase 2 : Time (s): cpu = 00:00:12 ; elapsed = 00:00:13 . Memory (MB): peak = 1211.258 ; gain = 651.098
---------------------------------------------------------------------------------
---------------------------------------------------------------------------------
Start RTL Component Statistics 
---------------------------------------------------------------------------------
Detailed RTL Component Info : 
+---Adders : 
	   2 Input   32 Bit       Adders := 1     
	   3 Input   32 Bit       Adders := 1     
	   2 Input   10 Bit       Adders := 2     
+---XORs : 
	   2 Input     32 Bit         XORs := 2     
+---Registers : 
	               32 Bit    Registers := 42    
	               10 Bit    Registers := 2     
	                5 Bit    Registers := 3     
	                2 Bit    Registers := 1     
	                1 Bit    Registers := 11    
+---Multipliers : 
	              32x32  Multipliers := 1     
+---Muxes : 
	  66 Input   32 Bit        Muxes := 1     
	   2 Input   32 Bit        Muxes := 10    
	   2 Input   10 Bit        Muxes := 3     
	   2 Input    5 Bit        Muxes := 1     
	   9 Input    2 Bit        Muxes := 1     
	   2 Input    2 Bit        Muxes := 1     
	   3 Input    2 Bit        Muxes := 2     
	   2 Input    1 Bit        Muxes := 39    
	   9 Input    1 Bit        Muxes := 8     
---------------------------------------------------------------------------------
Finished RTL Component Statistics 
---------------------------------------------------------------------------------
---------------------------------------------------------------------------------
Start Part Resource Summary
---------------------------------------------------------------------------------
Part Resources:
DSPs: 90 (col length:60)
BRAMs: 100 (col length: RAMB18 60 RAMB36 30)
---------------------------------------------------------------------------------
Finished Part Resource Summary
---------------------------------------------------------------------------------
---------------------------------------------------------------------------------
Start Cross Boundary and Area Optimization
---------------------------------------------------------------------------------
WARNING: [Synth 8-7080] Parallel synthesis criteria is not met
DSP Report: Generating DSP alu_result0, operation Mode is: A*B.
DSP Report: operator alu_result0 is absorbed into DSP alu_result0.
DSP Report: operator alu_result0 is absorbed into DSP alu_result0.
DSP Report: Generating DSP alu_result0, operation Mode is: (PCIN>>17)+A*B.
DSP Report: operator alu_result0 is absorbed into DSP alu_result0.
DSP Report: operator alu_result0 is absorbed into DSP alu_result0.
DSP Report: Generating DSP alu_result0, operation Mode is: A*B.
DSP Report: operator alu_result0 is absorbed into DSP alu_result0.
DSP Report: operator alu_result0 is absorbed into DSP alu_result0.
DSP Report: Generating DSP alu_result0, operation Mode is: (PCIN>>17)+A*B.
DSP Report: operator alu_result0 is absorbed into DSP alu_result0.
DSP Report: operator alu_result0 is absorbed into DSP alu_result0.
---------------------------------------------------------------------------------
Finished Cross Boundary and Area Optimization : Time (s): cpu = 00:00:19 ; elapsed = 00:00:20 . Memory (MB): peak = 1276.883 ; gain = 716.723
---------------------------------------------------------------------------------
 Sort Area is  alu_result0_0 : 0 0 : 3101 5879 : Used 1 time 0
 Sort Area is  alu_result0_0 : 0 1 : 2778 5879 : Used 1 time 0
 Sort Area is  alu_result0_3 : 0 0 : 2759 5418 : Used 1 time 0
 Sort Area is  alu_result0_3 : 0 1 : 2659 5418 : Used 1 time 0
---------------------------------------------------------------------------------
Start ROM, RAM, DSP, Shift Register and Retiming Reporting
---------------------------------------------------------------------------------

Distributed RAM: Preliminary Mapping Report (see note below)
+------------+------------------+-----------+----------------------+-----------------+
|Module Name | RTL Object       | Inference | Size (Depth x Width) | Primitives      | 
+------------+------------------+-----------+----------------------+-----------------+
|mips_32     | data_mem/ram_reg | Implied   | 256 x 32             | RAM256X1S x 32  | 
+------------+------------------+-----------+----------------------+-----------------+

Note: The table above is a preliminary report that shows the Distributed RAMs at the current stage of the synthesis flow. Some Distributed RAMs may be reimplemented as non Distributed RAM primitives later in the synthesis flow. Multiple instantiated RAMs are reported only once.

DSP: Preliminary Mapping Report (see note below. The ' indicates corresponding REG is set)
+------------+----------------+--------+--------+--------+--------+--------+------+------+------+------+-------+------+------+
|Module Name | DSP Mapping    | A Size | B Size | C Size | D Size | P Size | AREG | BREG | CREG | DREG | ADREG | MREG | PREG | 
+------------+----------------+--------+--------+--------+--------+--------+------+------+------+------+-------+------+------+
|ALU         | A*B            | 18     | 16     | -      | -      | 48     | 0    | 0    | -    | -    | -     | 0    | 0    | 
|ALU         | (PCIN>>17)+A*B | 16     | 16     | -      | -      | 48     | 0    | 0    | -    | -    | -     | 0    | 0    | 
|ALU         | A*B            | 18     | 18     | -      | -      | 48     | 0    | 0    | -    | -    | -     | 0    | 0    | 
|ALU         | (PCIN>>17)+A*B | 18     | 16     | -      | -      | 48     | 0    | 0    | -    | -    | -     | 0    | 0    | 
+------------+----------------+--------+--------+--------+--------+--------+------+------+------+------+-------+------+------+

Note: The table above is a preliminary report that shows the DSPs inferred at the current stage of the synthesis flow. Some DSP may be reimplemented as non DSP primitives later in the synthesis flow. Multiple instantiated DSPs are reported only once.
---------------------------------------------------------------------------------
Finished ROM, RAM, DSP, Shift Register and Retiming Reporting
---------------------------------------------------------------------------------
---------------------------------------------------------------------------------
Start Applying XDC Timing Constraints
---------------------------------------------------------------------------------
---------------------------------------------------------------------------------
Finished Applying XDC Timing Constraints : Time (s): cpu = 00:00:25 ; elapsed = 00:00:27 . Memory (MB): peak = 1383.141 ; gain = 822.980
---------------------------------------------------------------------------------
---------------------------------------------------------------------------------
Start Timing Optimization
---------------------------------------------------------------------------------
---------------------------------------------------------------------------------
Finished Timing Optimization : Time (s): cpu = 00:00:30 ; elapsed = 00:00:31 . Memory (MB): peak = 1500.859 ; gain = 940.699
---------------------------------------------------------------------------------
---------------------------------------------------------------------------------
Start ROM, RAM, DSP, Shift Register and Retiming Reporting
---------------------------------------------------------------------------------

Distributed RAM: Final Mapping Report
+------------+------------------+-----------+----------------------+-----------------+
|Module Name | RTL Object       | Inference | Size (Depth x Width) | Primitives      | 
+------------+------------------+-----------+----------------------+-----------------+
|mips_32     | data_mem/ram_reg | Implied   | 256 x 32             | RAM256X1S x 32  | 
+------------+------------------+-----------+----------------------+-----------------+

---------------------------------------------------------------------------------
Finished ROM, RAM, DSP, Shift Register and Retiming Reporting
---------------------------------------------------------------------------------
---------------------------------------------------------------------------------
Start Technology Mapping
---------------------------------------------------------------------------------
---------------------------------------------------------------------------------
Finished Technology Mapping : Time (s): cpu = 00:00:31 ; elapsed = 00:00:32 . Memory (MB): peak = 1500.859 ; gain = 940.699
---------------------------------------------------------------------------------
---------------------------------------------------------------------------------
Start IO Insertion
---------------------------------------------------------------------------------
---------------------------------------------------------------------------------
Start Flattening Before IO Insertion
---------------------------------------------------------------------------------
---------------------------------------------------------------------------------
Finished Flattening Before IO Insertion
---------------------------------------------------------------------------------
---------------------------------------------------------------------------------
Start Final Netlist Cleanup
---------------------------------------------------------------------------------
---------------------------------------------------------------------------------
Finished Final Netlist Cleanup
---------------------------------------------------------------------------------
---------------------------------------------------------------------------------
Finished IO Insertion : Time (s): cpu = 00:00:34 ; elapsed = 00:00:35 . Memory (MB): peak = 1626.992 ; gain = 1066.832
---------------------------------------------------------------------------------
---------------------------------------------------------------------------------
Start Renaming Generated Instances
---------------------------------------------------------------------------------
---------------------------------------------------------------------------------
Finished Renaming Generated Instances : Time (s): cpu = 00:00:34 ; elapsed = 00:00:35 . Memory (MB): peak = 1626.992 ; gain = 1066.832
---------------------------------------------------------------------------------
---------------------------------------------------------------------------------
Start Rebuilding User Hierarchy
---------------------------------------------------------------------------------
---------------------------------------------------------------------------------
Finished Rebuilding User Hierarchy : Time (s): cpu = 00:00:34 ; elapsed = 00:00:36 . Memory (MB): peak = 1626.992 ; gain = 1066.832
---------------------------------------------------------------------------------
---------------------------------------------------------------------------------
Start Renaming Generated Ports
---------------------------------------------------------------------------------
---------------------------------------------------------------------------------
Finished Renaming Generated Ports : Time (s): cpu = 00:00:34 ; elapsed = 00:00:36 . Memory (MB): peak = 1626.992 ; gain = 1066.832
---------------------------------------------------------------------------------
---------------------------------------------------------------------------------
Start Handling Custom Attributes
---------------------------------------------------------------------------------
---------------------------------------------------------------------------------
Finished Handling Custom Attributes : Time (s): cpu = 00:00:34 ; elapsed = 00:00:36 . Memory (MB): peak = 1626.992 ; gain = 1066.832
---------------------------------------------------------------------------------
---------------------------------------------------------------------------------
Start Renaming Generated Nets
---------------------------------------------------------------------------------
---------------------------------------------------------------------------------
Finished Renaming Generated Nets : Time (s): cpu = 00:00:34 ; elapsed = 00:00:36 . Memory (MB): peak = 1626.992 ; gain = 1066.832
---------------------------------------------------------------------------------
---------------------------------------------------------------------------------
Start Writing Synthesis Report
---------------------------------------------------------------------------------

DSP Final Report (the ' indicates corresponding REG is set)
+------------+--------------+--------+--------+--------+--------+--------+------+------+------+------+-------+------+------+
|Module Name | DSP Mapping  | A Size | B Size | C Size | D Size | P Size | AREG | BREG | CREG | DREG | ADREG | MREG | PREG | 
+------------+--------------+--------+--------+--------+--------+--------+------+------+------+------+-------+------+------+
|ALU         | A*B          | 17     | 15     | -      | -      | 48     | 0    | 0    | -    | -    | -     | 0    | 0    | 
|ALU         | A*B          | 17     | 17     | -      | -      | 48     | 0    | 0    | -    | -    | -     | 0    | 0    | 
|ALU         | PCIN>>17+A*B | 17     | 15     | -      | -      | 48     | 0    | 0    | -    | -    | -     | 0    | 0    | 
+------------+--------------+--------+--------+--------+--------+--------+------+------+------+------+-------+------+------+


Report BlackBoxes: 
+-+--------------+----------+
| |BlackBox name |Instances |
+-+--------------+----------+
+-+--------------+----------+

Report Cell Usage: 
+------+----------+------+
|      |Cell      |Count |
+------+----------+------+
|1     |BUFG      |     1|
|2     |CARRY4    |   315|
|3     |DSP48E1   |     3|
|4     |LUT2      |    95|
|5     |LUT3      |   169|
|6     |LUT4      |    89|
|7     |LUT5      |  1140|
|8     |LUT6      |   860|
|9     |MUXF7     |   224|
|10    |MUXF8     |    32|
|11    |RAM256X1S |    32|
|12    |FDCE      |   304|
|13    |FDRE      |  1001|
|14    |LDC       |     8|
|15    |LDP       |     1|
|16    |IBUF      |     2|
|17    |OBUF      |    32|
+------+----------+------+
---------------------------------------------------------------------------------
Finished Writing Synthesis Report : Time (s): cpu = 00:00:34 ; elapsed = 00:00:36 . Memory (MB): peak = 1626.992 ; gain = 1066.832
---------------------------------------------------------------------------------
Synthesis finished with 0 errors, 0 critical warnings and 9 warnings.
Synthesis Optimization Runtime : Time (s): cpu = 00:00:27 ; elapsed = 00:00:34 . Memory (MB): peak = 1626.992 ; gain = 994.934
Synthesis Optimization Complete : Time (s): cpu = 00:00:34 ; elapsed = 00:00:36 . Memory (MB): peak = 1626.992 ; gain = 1066.832
INFO: [Project 1-571] Translating synthesized netlist
Netlist sorting complete. Time (s): cpu = 00:00:01 ; elapsed = 00:00:00.044 . Memory (MB): peak = 1637.211 ; gain = 0.000
INFO: [Netlist 29-17] Analyzing 615 Unisim elements for replacement
INFO: [Netlist 29-28] Unisim Transformation completed in 0 CPU seconds
INFO: [Project 1-570] Preparing netlist for logic optimization
INFO: [Opt 31-138] Pushed 0 inverter(s) to 0 load pin(s).
Netlist sorting complete. Time (s): cpu = 00:00:00 ; elapsed = 00:00:00.001 . Memory (MB): peak = 1640.859 ; gain = 0.000
INFO: [Project 1-111] Unisim Transformation Summary:
  A total of 41 instances were transformed.
  LDC => LDCE: 8 instances
  LDP => LDPE: 1 instance 
  RAM256X1S => RAM256X1S (MUXF7(x2), MUXF8, RAMS64E(x4)): 32 instances

Synth Design complete | Checksum: 49086fcb
INFO: [Common 17-83] Releasing license: Synthesis
70 Infos, 61 Warnings, 0 Critical Warnings and 0 Errors encountered.
synth_design completed successfully
synth_design: Time (s): cpu = 00:00:37 ; elapsed = 00:00:45 . Memory (MB): peak = 1640.859 ; gain = 1270.965
Write ShapeDB Complete: Time (s): cpu = 00:00:00 ; elapsed = 00:00:00.007 . Memory (MB): peak = 1640.859 ; gain = 0.000
INFO: [Common 17-1381] The checkpoint 'C:/Users/Owner/Desktop/Lab4/Lab4.runs/synth_1/mips_32.dcp' has been generated.
INFO: [Vivado 12-24828] Executing command : report_utilization -file mips_32_utilization_synth.rpt -pb mips_32_utilization_synth.pb
INFO: [Common 17-206] Exiting Vivado at Mon Mar 17 17:10:04 2025...
